Plane Game: No module named 'planeGame'
Nose Game: cannot import name 'nose_main' from partially initialized module 'noseGame' (most likely due to a circular import) (E:\WeixinFiles\WeChat Files\wxid_zod9xywr73u322\FileStorage\File\2025-01\homeWork_eatBeans\homeWork_eatBeans\noseGame.py)
Nose Game: cannot import name 'nose_main' from partially initialized module 'noseGame' (most likely due to a circular import) (E:\WeixinFiles\WeChat Files\wxid_zod9xywr73u322\FileStorage\File\2025-01\homeWork_eatBeans\homeWork_eatBeans\noseGame.py)
Nose Game: cannot import name 'nose_main' from partially initialized module 'noseGame' (most likely due to a circular import) (E:\WeixinFiles\WeChat Files\wxid_zod9xywr73u322\FileStorage\File\2025-01\homeWork_eatBeans\homeWork_eatBeans\noseGame.py)
Nose Game: cannot import name 'nose_main' from partially initialized module 'noseGame' (most likely due to a circular import) (E:\WeixinFiles\WeChat Files\wxid_zod9xywr73u322\FileStorage\File\2025-01\homeWork_eatBeans\homeWork_eatBeans\noseGame.py)
Nose Game: cannot import name 'nose_main' from partially initialized module 'noseGame' (most likely due to a circular import) (E:\WeixinFiles\WeChat Files\wxid_zod9xywr73u322\FileStorage\File\2025-01\homeWork_eatBeans\homeWork_eatBeans\noseGame.py)
Nose Game: cannot import name 'nose_main' from partially initialized module 'noseGame' (most likely due to a circular import) (E:\WeixinFiles\WeChat Files\wxid_zod9xywr73u322\FileStorage\File\2025-01\homeWork_eatBeans\homeWork_eatBeans\noseGame.py)
Nose Game: cannot import name 'nose_main' from partially initialized module 'noseGame' (most likely due to a circular import) (E:\WeixinFiles\WeChat Files\wxid_zod9xywr73u322\FileStorage\File\2025-01\homeWork_eatBeans\homeWork_eatBeans\noseGame.py)
Nose Game: cannot import name 'nose_main' from partially initialized module 'noseGame' (most likely due to a circular import) (E:\WeixinFiles\WeChat Files\wxid_zod9xywr73u322\FileStorage\File\2025-01\homeWork_eatBeans\homeWork_eatBeans\noseGame.py)
Nose Game: cannot import name 'nose_main' from partially initialized module 'noseGame' (most likely due to a circular import) (E:\WeixinFiles\WeChat Files\wxid_zod9xywr73u322\FileStorage\File\2025-01\homeWork_eatBeans\homeWork_eatBeans\noseGame.py)
Nose Game: cannot import name 'nose_main' from partially initialized module 'noseGame' (most likely due to a circular import) (E:\WeixinFiles\WeChat Files\wxid_zod9xywr73u322\FileStorage\File\2025-01\homeWork_eatBeans\homeWork_eatBeans\noseGame.py)
Nose Game: cannot import name 'nose_main' from partially initialized module 'noseGame' (most likely due to a circular import) (E:\WeixinFiles\WeChat Files\wxid_zod9xywr73u322\FileStorage\File\2025-01\homeWork_eatBeans\homeWork_eatBeans\noseGame.py)
Nose Game: cannot import name 'nose_main' from partially initialized module 'noseGame' (most likely due to a circular import) (E:\WeixinFiles\WeChat Files\wxid_zod9xywr73u322\FileStorage\File\2025-01\homeWork_eatBeans\homeWork_eatBeans\noseGame.py)
Nose Game: cannot import name 'nose_main' from partially initialized module 'noseGame' (most likely due to a circular import) (E:\WeixinFiles\WeChat Files\wxid_zod9xywr73u322\FileStorage\File\2025-01\homeWork_eatBeans\homeWork_eatBeans\noseGame.py)
Nose Game: cannot import name 'nose_main' from partially initialized module 'noseGame' (most likely due to a circular import) (E:\WeixinFiles\WeChat Files\wxid_zod9xywr73u322\FileStorage\File\2025-01\homeWork_eatBeans\homeWork_eatBeans\noseGame.py)
Nose Game: DLL load failed while importing _framework_bindings: 动态链接库(DLL)初始化例程失败。
Nose Game: DLL load failed while importing _framework_bindings: 动态链接库(DLL)初始化例程失败。
Nose Game: DLL load failed while importing _framework_bindings: 动态链接库(DLL)初始化例程失败。
Plane Game: No module named 'planeGame'
Nose Game: cannot import name 'create_welcome_screen' from 'homeWork_eatBeans.mainGame' (E:\WeixinFiles\WeChat Files\wxid_zod9xywr73u322\FileStorage\File\2025-01\homeWork_eatBeans\homeWork_eatBeans\mainGame.py)
Plane Game: cannot import name 'bean_falling_main' from 'homeWork_eatBeans' (unknown location)
Nose Game: No file 'Start.mp3' found in working directory 'E:\WeixinFiles\WeChat Files\wxid_zod9xywr73u322\FileStorage\File\2025-01\homeWork_eatBeans\homeWork_eatBeans'.
Nose Game: No file 'Start.mp3' found in working directory 'E:\WeixinFiles\WeChat Files\wxid_zod9xywr73u322\FileStorage\File\2025-01\homeWork_eatBeans\homeWork_eatBeans'.
Third Game: No module named 'thirdGame'
Nose Game: DLL load failed while importing _framework_bindings: 动态链接库(DLL)初始化例程失败。
Nose Game: DLL load failed while importing _framework_bindings: 动态链接库(DLL)初始化例程失败。
Nose Game: DLL load failed while importing _framework_bindings: 动态链接库(DLL)初始化例程失败。
Plane Game: DLL load failed while importing _framework_bindings: 动态链接库(DLL)初始化例程失败。
Nose Game: DLL load failed while importing _framework_bindings: 动态链接库(DLL)初始化例程失败。
Nose Game: DLL load failed while importing _framework_bindings: 动态链接库(DLL)初始化例程失败。
Nose Game: DLL load failed while importing _framework_bindings: 动态链接库(DLL)初始化例程失败。
